<?xml version="1.0" encoding="UTF-8"?>
<!-- Generated by org.testng.reporters.JUnitReportReporter -->
<testsuite hostname="Nandhini" failures="0" tests="1" name="com.amazon.testscripts.View_Cart" time="73.167" errors="0" timestamp="2022-09-13T18:19:29 IST" skipped="0">
  <testcase classname="com.amazon.testscripts.View_Cart" name="viewCart" time="73.167"/>
  <system-out>
    <![CDATA[Pass]]>
  </system-out>
</testsuite> <!-- com.amazon.testscripts.View_Cart -->
